<?xml version="1.0" encoding="UTF-8"?>
<!-- Generated by org.testng.reporters.JUnitReportReporter -->
<testsuite hostname="DESKTOP-157I709" failures="0" tests="1" name="demo.testBrowser" time="8.071" errors="0" timestamp="2020-12-12T10:01:37 IST" skipped="0">
  <testcase classname="demo.testBrowser" name="testFirefox" time="8.071"/>
  <system-out/>
</testsuite> <!-- demo.testBrowser -->
