<?xml version="1.0" encoding="UTF-8"?>
<!-- Generated by org.testng.reporters.JUnitReportReporter -->
<testsuite hostname="DESKTOP-157I709" failures="0" tests="1" name="demo.testNGtest" time="2.156" errors="0" timestamp="2020-12-12T10:02:19 IST" skipped="0">
  <testcase classname="demo.testNGtest" name="testFirefox" time="2.156"/>
  <system-out/>
</testsuite> <!-- demo.testNGtest -->
